<?xml version="1.0" encoding="UTF-8"?>
<!-- Generated by org.testng.reporters.JUnitXMLReporter -->
<testsuite ignored="1" hostname="LTPCHE032368104" failures="0" tests="1" name="testLogin111" time="0.236" errors="0" timestamp="2022-07-08T11:52:45 IST">
  <testcase classname="FrameworkCode.StartFramework" name="@BeforeTest init" time="0.006">
    <failure type="java.lang.NoClassDefFoundError" message="com/aventstack/extentreports/reporter/ExtentHtmlReporter">
      <![CDATA[java.lang.NoClassDefFoundError: com/aventstack/extentreports/reporter/ExtentHtmlReporter
at FrameworkCode.StartFramework.init(StartFramework.java:123)
Caused by: java.lang.ClassNotFoundException: com.aventstack.extentreports.reporter.ExtentHtmlReporter
at java.base/jdk.internal.loader.BuiltinClassLoader.loadClass(BuiltinClassLoader.java:636)
at java.base/jdk.internal.loader.ClassLoaders$AppClassLoader.loadClass(ClassLoaders.java:182)
at java.base/java.lang.ClassLoader.loadClass(ClassLoader.java:519)
... 25 more
... Removed 24 stack frames]]>
    </failure>
  </testcase> <!-- @BeforeTest init -->
  <testcase classname="FrameworkCode.StartFramework" name="testLogin" time="0.0">
    <skipped/>
  </testcase> <!-- testLogin -->
  <testcase classname="FrameworkCode.StartFramework" name="testLoginSanity" time="0.0">
    <ignored/>
  </testcase> <!-- testLoginSanity -->
</testsuite> <!-- testLogin111 -->
